\BOOKMARK [0][-]{chapter.1}{\376\377\000\332\000v\000o\000d}{}% 1
\BOOKMARK [0][-]{chapter.2}{\376\377\000M\000e\000t\000o\000d\000y\000\040\000h\000r\000a\000n\000\355\000\040\000h\000e\000r}{}% 2
\BOOKMARK [1][-]{section.2.1}{\376\377\000Z\000\341\000k\000l\000a\000d\000n\000\355\000\040\000p\000o\000j\000m\000y}{chapter.2}% 3
\BOOKMARK [1][-]{section.2.2}{\376\377\000H\000r\000y}{chapter.2}% 4
\BOOKMARK [2][-]{subsection.2.2.1}{\376\377\000M\000i\000n\000i\000m\000a\000x}{section.2.2}% 5
\BOOKMARK [2][-]{subsection.2.2.2}{\376\377\000A\000l\000f\000a\000B\000e\000t\000a\000\040\001\130\000e\000z\000y}{section.2.2}% 6
\BOOKMARK [2][-]{subsection.2.2.3}{\376\377\000E\000x\000p\000e\000c\000t\000i\000m\000a\000x}{section.2.2}% 7
\BOOKMARK [0][-]{chapter.3}{\376\377\000U\001\015\000\355\000c\000\355\000\040\000a\000g\000e\000n\000t}{}% 8
\BOOKMARK [1][-]{section.3.1}{\376\377\000R\000e\000a\000k\000t\000i\000v\000n\000\355\000\040\000a\000g\000e\000n\000t}{chapter.3}% 9
\BOOKMARK [1][-]{section.3.2}{\376\377\000R\000a\000c\000i\000o\000n\000a\000l\000i\000t\000a}{chapter.3}% 10
\BOOKMARK [1][-]{section.3.3}{\376\377\000M\000a\000r\000k\000o\000v\000s\000k\000\375\000\040\000r\000o\000z\000h\000o\000d\000o\000v\000a\000c\000\355\000\040\000p\000r\000o\000c\000e\000s}{chapter.3}% 11
\BOOKMARK [2][-]{subsection.3.3.1}{\376\377\000V\000a\000l\000u\000e\000\040\000i\000t\000e\000r\000a\000t\000i\000o\000n\000\040\000a\000\040\000P\000o\000l\000i\000c\000y\000\040\000i\000t\000e\000r\000a\000t\000i\000o\000n}{section.3.3}% 12
\BOOKMARK [2][-]{subsection.3.3.2}{\376\377\000Q\000-\000h\000o\000d\000n\000o\000t\000a}{section.3.3}% 13
\BOOKMARK [1][-]{section.3.4}{\376\377\000S\000t\000r\000o\000j\000o\000v\000\351\000\040\000u\001\015\000e\000n\000\355}{chapter.3}% 14
\BOOKMARK [2][-]{subsection.3.4.1}{\376\377\000Q\000-\000L\000e\000a\000r\000n\000i\000n\000g}{section.3.4}% 15
\BOOKMARK [2][-]{subsection.3.4.2}{\376\377\000A\000p\000p\000r\000o\000x\000i\000m\000a\000t\000e\000\040\000Q\000-\000L\000e\000a\000r\000n\000i\000n\000g}{section.3.4}% 16
\BOOKMARK [0][-]{chapter.4}{\376\377\000M\000s\000.\000P\000a\000c\000m\000a\000n}{}% 17
\BOOKMARK [1][-]{section.4.1}{\376\377\000O\000\040\000h\001\131\000e\000\040\000a\000\040\000d\001\157\000v\000o\000d\000\040\000j\000e\000j\000\355\000h\000o\000\040\000v\000\375\000b\001\033\000r\000u}{chapter.4}% 18
\BOOKMARK [1][-]{section.4.2}{\376\377\000P\000r\000a\000v\000i\000d\000l\000a}{chapter.4}% 19
\BOOKMARK [1][-]{section.4.3}{\376\377\000K\000l\000a\000s\000i\000f\000i\000k\000a\000c\000e\000\040\000d\000e\000m\000a\000\040\000M\000s\000.\000P\000a\000c\000m\000a\000n\000\040\000z\000\040\000h\000l\000e\000d\000i\000s\000k\000a\000\040\000T\000e\000o\000r\000i\000e\000\040\000h\000e\000r}{chapter.4}% 20
\BOOKMARK [0][-]{chapter.5}{\376\377\000N\000\341\000v\000r\000h\000\040\000a\000\040\000p\000l\000\341\000n\000\040\000p\000r\000\341\000c\000e}{}% 21
\BOOKMARK [1][-]{section.5.1}{\376\377\000A\000p\000r\000o\000x\000i\000m\000a\001\015\000n\000\355\000\040\000Q\000-\000L\000e\000a\000r\000n\000i\000n\000g}{chapter.5}% 22
\BOOKMARK [0][-]{chapter.6}{\376\377\000Z\000\341\000v\001\033\000r}{}% 23
